2018-04-12 11:10:10 049  INFO MLog:80 - MLog clients using log4j logging.
2018-04-12 11:10:10 139  INFO C3P0Registry:204 - Initializing c3p0-0.9.1.1 [built 15-March-2007 01:32:31; debug? true; trace: 10]
2018-04-12 11:10:10 163 DEBUG DynamicPooledDataSourceManagerMBean:236 - MBean: com.mchange.v2.c3p0:type=PooledDataSource[1hgef419u1f08u5566bhz5|5c669da8] registered.
2018-04-12 11:10:10 325 DEBUG LogFactory:135 - Logging initialized using 'class org.apache.ibatis.logging.log4j.Log4jImpl' adapter.
2018-04-12 11:10:11 643 DEBUG SqlSessionUtils:97 - Creating a new SqlSession
2018-04-12 11:10:11 682 DEBUG SqlSessionUtils:148 - SqlSession [org.apache.ibatis.session.defaults.DefaultSqlSession@1b11ef33] was not registered for synchronization because synchronization is not active
2018-04-12 11:10:11 688 DEBUG SqlSessionUtils:191 - Closing non transactional SqlSession [org.apache.ibatis.session.defaults.DefaultSqlSession@1b11ef33]
2018-04-12 11:14:42 111  INFO MLog:80 - MLog clients using log4j logging.
2018-04-12 11:14:42 195  INFO C3P0Registry:204 - Initializing c3p0-0.9.1.1 [built 15-March-2007 01:32:31; debug? true; trace: 10]
2018-04-12 11:14:42 217 DEBUG DynamicPooledDataSourceManagerMBean:236 - MBean: com.mchange.v2.c3p0:type=PooledDataSource[1hgef419u1f0eo2fivk293|5c669da8] registered.
2018-04-12 11:14:42 395 DEBUG LogFactory:135 - Logging initialized using 'class org.apache.ibatis.logging.log4j.Log4jImpl' adapter.
2018-04-12 11:14:43 668 DEBUG SqlSessionUtils:97 - Creating a new SqlSession
2018-04-12 11:14:43 677 DEBUG SqlSessionUtils:148 - SqlSession [org.apache.ibatis.session.defaults.DefaultSqlSession@4b21844c] was not registered for synchronization because synchronization is not active
2018-04-12 11:14:43 743 DEBUG BasicResourcePool:404 - incremented pending_acquires: 1
2018-04-12 11:14:43 743 DEBUG BasicResourcePool:404 - incremented pending_acquires: 2
2018-04-12 11:14:43 744 DEBUG BasicResourcePool:404 - incremented pending_acquires: 3
2018-04-12 11:14:43 744 DEBUG BasicResourcePool:289 - com.mchange.v2.resourcepool.BasicResourcePool@16fb356 config: [start -> 3; min -> 3; max -> 15; inc -> 3; num_acq_attempts -> 30; acq_attempt_delay -> 1000; check_idle_resources_delay -> 0; mox_resource_age -> 0; max_idle_time -> 0; excess_max_idle_time -> 0; destroy_unreturned_resc_time -> 0; expiration_enforcement_delay -> 0; break_on_acquisition_failure -> false; debug_store_checkout_exceptions -> false]
2018-04-12 11:14:43 746  INFO AbstractPoolBackedDataSource:462 - Initializing c3p0 pool... com.mchange.v2.c3p0.ComboPooledDataSource [ acquireIncrement -> 3, acquireRetryAttempts -> 30, acquireRetryDelay -> 1000, autoCommitOnClose -> false, automaticTestTable -> null, breakAfterAcquireFailure -> false, checkoutTimeout -> 0, connectionCustomizerClassName -> null, connectionTesterClassName -> com.mchange.v2.c3p0.impl.DefaultConnectionTester, dataSourceName -> 1hgef419u1f0eo2fivk293|5c669da8, debugUnreturnedConnectionStackTraces -> false, description -> null, driverClass -> com.mysql.jdbc.Driver, factoryClassLocation -> null, forceIgnoreUnresolvedTransactions -> false, identityToken -> 1hgef419u1f0eo2fivk293|5c669da8, idleConnectionTestPeriod -> 0, initialPoolSize -> 3, jdbcUrl -> jdbc:mysql://192.168.71.161:3306/db_buyticket, lastAcquisitionFailureDefaultUser -> null, maxAdministrativeTaskTime -> 0, maxConnectionAge -> 0, maxIdleTime -> 0, maxIdleTimeExcessConnections -> 0, maxPoolSize -> 15, maxStatements -> 0, maxStatementsPerConnection -> 0, minPoolSize -> 3, numHelperThreads -> 3, numThreadsAwaitingCheckoutDefaultUser -> 0, preferredTestQuery -> null, properties -> {user=******, password=******}, propertyCycle -> 0, testConnectionOnCheckin -> false, testConnectionOnCheckout -> false, unreturnedConnectionTimeout -> 0, usesTraditionalReflectiveProxies -> false ]
2018-04-12 11:14:43 747 DEBUG BasicResourcePool:538 - acquire test -- pool size: 0; target_pool_size: 3; desired target? 1
2018-04-12 11:14:43 748 DEBUG BasicResourcePool:1291 - awaitAvailable(): [unknown]
2018-04-12 11:14:43 748 DEBUG BasicResourcePool:1644 - trace com.mchange.v2.resourcepool.BasicResourcePool@16fb356 [managed: 0, unused: 0, excluded: 0]
2018-04-12 11:14:48 379 DEBUG C3P0PooledConnectionPool:217 - com.mchange.v2.c3p0.impl.C3P0PooledConnectionPool$1PooledConnectionResourcePoolManager@8c252a0.acquireResource() returning. 
2018-04-12 11:14:48 380 DEBUG BasicResourcePool:1644 - trace com.mchange.v2.resourcepool.BasicResourcePool@16fb356 [managed: 1, unused: 1, excluded: 0]
2018-04-12 11:14:48 382 DEBUG BasicResourcePool:1644 - trace com.mchange.v2.resourcepool.BasicResourcePool@16fb356 [managed: 1, unused: 0, excluded: 0] (e.g. com.mchange.v2.c3p0.impl.NewPooledConnection@2fce91a8)
2018-04-12 11:14:48 383 DEBUG BasicResourcePool:422 - decremented pending_acquires: 2
2018-04-12 11:14:48 383 DEBUG SpringManagedTransaction:87 - JDBC Connection [com.mchange.v2.c3p0.impl.NewProxyConnection@ca27722] will not be managed by Spring
2018-04-12 11:14:48 392 DEBUG queryHallInfoByHallId:145 - ==>  Preparing: select h.hall_id,h.hall_name,h.hall_coordinateX,h.hall_coordinateY from tb_theater t join tb_hall h on t.theater_id = h.fk_theater_id where t.theater_id=? and h.hall_id = ? 
2018-04-12 11:14:48 432 DEBUG queryHallInfoByHallId:145 - ==> Parameters: 1(Integer), 1(Integer)
2018-04-12 11:14:48 474 DEBUG queryHallInfoByHallId:145 - <==      Total: 1
2018-04-12 11:14:48 485 DEBUG SqlSessionUtils:191 - Closing non transactional SqlSession [org.apache.ibatis.session.defaults.DefaultSqlSession@4b21844c]
2018-04-12 11:14:48 487 DEBUG BasicResourcePool:1644 - trace com.mchange.v2.resourcepool.BasicResourcePool@16fb356 [managed: 1, unused: 0, excluded: 0] (e.g. com.mchange.v2.c3p0.impl.NewPooledConnection@2fce91a8)
2018-04-12 11:22:39 625  INFO MLog:80 - MLog clients using log4j logging.
2018-04-12 11:22:39 731  INFO C3P0Registry:204 - Initializing c3p0-0.9.1.1 [built 15-March-2007 01:32:31; debug? true; trace: 10]
2018-04-12 11:22:39 757 DEBUG DynamicPooledDataSourceManagerMBean:236 - MBean: com.mchange.v2.c3p0:type=PooledDataSource[1hgef419u1f0owivsmfhdx|5c669da8] registered.
2018-04-12 11:22:40 015 DEBUG LogFactory:135 - Logging initialized using 'class org.apache.ibatis.logging.log4j.Log4jImpl' adapter.
2018-04-12 11:22:41 367 DEBUG SqlSessionUtils:97 - Creating a new SqlSession
2018-04-12 11:22:41 377 DEBUG SqlSessionUtils:148 - SqlSession [org.apache.ibatis.session.defaults.DefaultSqlSession@a50b09c] was not registered for synchronization because synchronization is not active
2018-04-12 11:22:41 447 DEBUG BasicResourcePool:404 - incremented pending_acquires: 1
2018-04-12 11:22:41 447 DEBUG BasicResourcePool:404 - incremented pending_acquires: 2
2018-04-12 11:22:41 448 DEBUG BasicResourcePool:404 - incremented pending_acquires: 3
2018-04-12 11:22:41 449 DEBUG BasicResourcePool:289 - com.mchange.v2.resourcepool.BasicResourcePool@5b800468 config: [start -> 3; min -> 3; max -> 15; inc -> 3; num_acq_attempts -> 30; acq_attempt_delay -> 1000; check_idle_resources_delay -> 0; mox_resource_age -> 0; max_idle_time -> 0; excess_max_idle_time -> 0; destroy_unreturned_resc_time -> 0; expiration_enforcement_delay -> 0; break_on_acquisition_failure -> false; debug_store_checkout_exceptions -> false]
2018-04-12 11:22:41 450  INFO AbstractPoolBackedDataSource:462 - Initializing c3p0 pool... com.mchange.v2.c3p0.ComboPooledDataSource [ acquireIncrement -> 3, acquireRetryAttempts -> 30, acquireRetryDelay -> 1000, autoCommitOnClose -> false, automaticTestTable -> null, breakAfterAcquireFailure -> false, checkoutTimeout -> 0, connectionCustomizerClassName -> null, connectionTesterClassName -> com.mchange.v2.c3p0.impl.DefaultConnectionTester, dataSourceName -> 1hgef419u1f0owivsmfhdx|5c669da8, debugUnreturnedConnectionStackTraces -> false, description -> null, driverClass -> com.mysql.jdbc.Driver, factoryClassLocation -> null, forceIgnoreUnresolvedTransactions -> false, identityToken -> 1hgef419u1f0owivsmfhdx|5c669da8, idleConnectionTestPeriod -> 0, initialPoolSize -> 3, jdbcUrl -> jdbc:mysql://192.168.71.161:3306/db_buyticket, lastAcquisitionFailureDefaultUser -> null, maxAdministrativeTaskTime -> 0, maxConnectionAge -> 0, maxIdleTime -> 0, maxIdleTimeExcessConnections -> 0, maxPoolSize -> 15, maxStatements -> 0, maxStatementsPerConnection -> 0, minPoolSize -> 3, numHelperThreads -> 3, numThreadsAwaitingCheckoutDefaultUser -> 0, preferredTestQuery -> null, properties -> {user=******, password=******}, propertyCycle -> 0, testConnectionOnCheckin -> false, testConnectionOnCheckout -> false, unreturnedConnectionTimeout -> 0, usesTraditionalReflectiveProxies -> false ]
2018-04-12 11:22:41 451 DEBUG BasicResourcePool:538 - acquire test -- pool size: 0; target_pool_size: 3; desired target? 1
2018-04-12 11:22:41 451 DEBUG BasicResourcePool:1291 - awaitAvailable(): [unknown]
2018-04-12 11:22:41 452 DEBUG BasicResourcePool:1644 - trace com.mchange.v2.resourcepool.BasicResourcePool@5b800468 [managed: 0, unused: 0, excluded: 0]
2018-04-12 11:22:41 840 DEBUG C3P0PooledConnectionPool:217 - com.mchange.v2.c3p0.impl.C3P0PooledConnectionPool$1PooledConnectionResourcePoolManager@45963121.acquireResource() returning. 
2018-04-12 11:22:41 842 DEBUG BasicResourcePool:1644 - trace com.mchange.v2.resourcepool.BasicResourcePool@5b800468 [managed: 1, unused: 1, excluded: 0]
2018-04-12 11:22:41 844 DEBUG BasicResourcePool:1644 - trace com.mchange.v2.resourcepool.BasicResourcePool@5b800468 [managed: 1, unused: 0, excluded: 0] (e.g. com.mchange.v2.c3p0.impl.NewPooledConnection@47bd4b43)
2018-04-12 11:22:41 845 DEBUG BasicResourcePool:422 - decremented pending_acquires: 2
2018-04-12 11:22:41 845 DEBUG SpringManagedTransaction:87 - JDBC Connection [com.mchange.v2.c3p0.impl.NewProxyConnection@5f7f2382] will not be managed by Spring
2018-04-12 11:22:41 858 DEBUG queryHallInfoByHallId:145 - ==>  Preparing: select h.hall_id,h.hall_name,h.hall_coordinateX,h.hall_coordinateY from tb_theater t join tb_hall h on t.theater_id = h.fk_theater_id where t.theater_id=? and h.hall_id = ? 
2018-04-12 11:22:41 910 DEBUG queryHallInfoByHallId:145 - ==> Parameters: 1(Integer), 1(Integer)
2018-04-12 11:22:41 943 DEBUG queryHallInfoByHallId:145 - <==      Total: 1
2018-04-12 11:22:41 954 DEBUG SqlSessionUtils:191 - Closing non transactional SqlSession [org.apache.ibatis.session.defaults.DefaultSqlSession@a50b09c]
2018-04-12 11:22:41 956 DEBUG BasicResourcePool:1644 - trace com.mchange.v2.resourcepool.BasicResourcePool@5b800468 [managed: 1, unused: 0, excluded: 0] (e.g. com.mchange.v2.c3p0.impl.NewPooledConnection@47bd4b43)
2018-04-12 11:22:41 958  INFO HallTest:25 - 一号IMAX厅
2018-04-12 12:11:03 900  INFO MLog:80 - MLog clients using log4j logging.
2018-04-12 12:11:04 013  INFO C3P0Registry:204 - Initializing c3p0-0.9.1.1 [built 15-March-2007 01:32:31; debug? true; trace: 10]
2018-04-12 12:11:04 039 DEBUG DynamicPooledDataSourceManagerMBean:236 - MBean: com.mchange.v2.c3p0:type=PooledDataSource[1hgef419u1f2f5h7171xl0r|2609b277] registered.
2018-04-12 12:11:04 273 DEBUG LogFactory:135 - Logging initialized using 'class org.apache.ibatis.logging.log4j.Log4jImpl' adapter.
2018-04-12 12:11:05 575 DEBUG SqlSessionUtils:97 - Creating a new SqlSession
2018-04-12 12:11:05 583 DEBUG SqlSessionUtils:148 - SqlSession [org.apache.ibatis.session.defaults.DefaultSqlSession@2187fff7] was not registered for synchronization because synchronization is not active
2018-04-12 12:11:05 655 DEBUG BasicResourcePool:404 - incremented pending_acquires: 1
2018-04-12 12:11:05 656 DEBUG BasicResourcePool:404 - incremented pending_acquires: 2
2018-04-12 12:11:05 656 DEBUG BasicResourcePool:404 - incremented pending_acquires: 3
2018-04-12 12:11:05 658 DEBUG BasicResourcePool:289 - com.mchange.v2.resourcepool.BasicResourcePool@5f7f2382 config: [start -> 3; min -> 3; max -> 15; inc -> 3; num_acq_attempts -> 30; acq_attempt_delay -> 1000; check_idle_resources_delay -> 0; mox_resource_age -> 0; max_idle_time -> 0; excess_max_idle_time -> 0; destroy_unreturned_resc_time -> 0; expiration_enforcement_delay -> 0; break_on_acquisition_failure -> false; debug_store_checkout_exceptions -> false]
2018-04-12 12:11:05 659  INFO AbstractPoolBackedDataSource:462 - Initializing c3p0 pool... com.mchange.v2.c3p0.ComboPooledDataSource [ acquireIncrement -> 3, acquireRetryAttempts -> 30, acquireRetryDelay -> 1000, autoCommitOnClose -> false, automaticTestTable -> null, breakAfterAcquireFailure -> false, checkoutTimeout -> 0, connectionCustomizerClassName -> null, connectionTesterClassName -> com.mchange.v2.c3p0.impl.DefaultConnectionTester, dataSourceName -> 1hgef419u1f2f5h7171xl0r|2609b277, debugUnreturnedConnectionStackTraces -> false, description -> null, driverClass -> com.mysql.jdbc.Driver, factoryClassLocation -> null, forceIgnoreUnresolvedTransactions -> false, identityToken -> 1hgef419u1f2f5h7171xl0r|2609b277, idleConnectionTestPeriod -> 0, initialPoolSize -> 3, jdbcUrl -> jdbc:mysql://192.168.71.161:3306/db_buyticket, lastAcquisitionFailureDefaultUser -> null, maxAdministrativeTaskTime -> 0, maxConnectionAge -> 0, maxIdleTime -> 0, maxIdleTimeExcessConnections -> 0, maxPoolSize -> 15, maxStatements -> 0, maxStatementsPerConnection -> 0, minPoolSize -> 3, numHelperThreads -> 3, numThreadsAwaitingCheckoutDefaultUser -> 0, preferredTestQuery -> null, properties -> {user=******, password=******}, propertyCycle -> 0, testConnectionOnCheckin -> false, testConnectionOnCheckout -> false, unreturnedConnectionTimeout -> 0, usesTraditionalReflectiveProxies -> false ]
2018-04-12 12:11:05 662 DEBUG BasicResourcePool:538 - acquire test -- pool size: 0; target_pool_size: 3; desired target? 1
2018-04-12 12:11:05 665 DEBUG BasicResourcePool:1291 - awaitAvailable(): [unknown]
2018-04-12 12:11:05 666 DEBUG BasicResourcePool:1644 - trace com.mchange.v2.resourcepool.BasicResourcePool@5f7f2382 [managed: 0, unused: 0, excluded: 0]
2018-04-12 12:11:06 077 DEBUG C3P0PooledConnectionPool:217 - com.mchange.v2.c3p0.impl.C3P0PooledConnectionPool$1PooledConnectionResourcePoolManager@2577dd01.acquireResource() returning. 
2018-04-12 12:11:06 078 DEBUG BasicResourcePool:1644 - trace com.mchange.v2.resourcepool.BasicResourcePool@5f7f2382 [managed: 1, unused: 1, excluded: 0]
2018-04-12 12:11:06 082 DEBUG BasicResourcePool:422 - decremented pending_acquires: 2
2018-04-12 12:11:06 082 DEBUG BasicResourcePool:1644 - trace com.mchange.v2.resourcepool.BasicResourcePool@5f7f2382 [managed: 1, unused: 0, excluded: 0] (e.g. com.mchange.v2.c3p0.impl.NewPooledConnection@7ef0849a)
2018-04-12 12:11:06 083 DEBUG SpringManagedTransaction:87 - JDBC Connection [com.mchange.v2.c3p0.impl.NewProxyConnection@46cc127b] will not be managed by Spring
2018-04-12 12:11:06 091 DEBUG queryHallInfoByHallId:145 - ==>  Preparing: select h.hall_id,h.hall_name,h.hall_coordinateX,h.hall_coordinateY from tb_theater t join tb_hall h on t.theater_id = h.fk_theater_id where t.theater_id=? and h.hall_id = ? 
2018-04-12 12:11:06 152 DEBUG queryHallInfoByHallId:145 - ==> Parameters: 1(Integer), 1(Integer)
2018-04-12 12:11:06 184 DEBUG queryHallInfoByHallId:145 - <==      Total: 1
2018-04-12 12:11:06 192 DEBUG SqlSessionUtils:191 - Closing non transactional SqlSession [org.apache.ibatis.session.defaults.DefaultSqlSession@2187fff7]
2018-04-12 12:11:06 195 DEBUG BasicResourcePool:1644 - trace com.mchange.v2.resourcepool.BasicResourcePool@5f7f2382 [managed: 1, unused: 0, excluded: 0] (e.g. com.mchange.v2.c3p0.impl.NewPooledConnection@7ef0849a)
2018-04-12 12:11:06 195  INFO HallTest:49 - 影厅名：一号IMAX厅
